[2026-01-14 04:59:56.680] ERROR <cmd/write-26256>: 无法连接到服务端！请先启动 CopyQ 服务端。
[2026-01-14 05:00:16.093] ERROR <cmd/write-19940>: 无法连接到服务端！请先启动 CopyQ 服务端。
[2026-01-14 05:01:00.981] ERROR <cmd/write-37416>: 无法连接到服务端！请先启动 CopyQ 服务端。
[2026-01-14 05:05:23.191] ERROR <Client-16816>: 无法连接到服务端！请先启动 CopyQ 服务端。
[2026-01-14 05:05:32.182] ERROR <Client-11428>: 无法连接到服务端！请先启动 CopyQ 服务端。
[2026-01-14 05:09:17.762] ERROR <Client-35036>: 无法连接到服务端！请先启动 CopyQ 服务端。
[2026-01-14 05:12:42.172] ERROR <cmd/write-10148>: 无法连接到服务端！请先启动 CopyQ 服务端。
[2026-01-14 05:14:10.357] Note <Server-27028>: Starting server: CopyQ 13.0.0
[2026-01-14 05:14:10.389] Warning <Server-27028>: [default] QSystemTrayIcon::setVisible: No Icon set
[2026-01-14 05:18:20.833] Warning <cmd/monitorClipboard-752>: [qt.qpa.mime] Retrying to obtain clipboard.
[2026-01-14 05:18:44.306] Warning <cmd/monitorClipboard-752>: [qt.qpa.mime] Retrying to obtain clipboard.
[2026-01-14 05:18:54.374] Warning <cmd/monitorClipboard-752>: [qt.qpa.mime] Retrying to obtain clipboard.
[2026-01-14 05:19:04.232] Warning <cmd/monitorClipboard-752>: [qt.qpa.mime] Retrying to obtain clipboard.
[2026-01-14 05:23:59.899] Warning <cmd/monitorClipboard-752>: [qt.qpa.mime] Retrying to obtain clipboard.
[2026-01-14 05:27:40.386] ERROR <Client-20112>: 无法连接到服务端！请先启动 CopyQ 服务端。
[2026-01-14 05:27:57.610] ERROR <Client-26992>: 无法连接到服务端！请先启动 CopyQ 服务端。
[2026-01-14 05:28:12.482] ERROR <Client-37680>: 无法连接到服务端！请先启动 CopyQ 服务端。
[2026-01-14 05:28:39.838] ERROR <Client-27236>: 无法连接到服务端！请先启动 CopyQ 服务端。
[2026-01-14 05:30:47.195] Note <Server-33292>: Starting server: CopyQ 13.0.0
[2026-01-14 05:30:47.217] Warning <Server-33292>: [default] QSystemTrayIcon::setVisible: No Icon set
[2026-01-14 05:33:11.398] Warning <Server-9328>: CopyQ 服务端已在运行了。
[2026-01-14 05:33:20.900] Note <Server-22140>: Starting server: CopyQ 13.0.0
[2026-01-14 05:33:20.924] Warning <Server-22140>: [default] QSystemTrayIcon::setVisible: No Icon set
[2026-01-14 10:50:09.619] Warning <Server-11152>: CopyQ 服务端已在运行了。
[2026-01-14 10:58:40.740] Warning <Server-4828>: CopyQ 服务端已在运行了。
[2026-01-14 11:11:01.118] Warning <Server-26976>: CopyQ 服务端已在运行了。
[2026-01-14 11:11:40.621] Warning <Server-39908>: CopyQ 服务端已在运行了。
[2026-01-14 11:11:47.461] Warning <cmd/monitorClipboard-29460>: [qt.qpa.mime] Retrying to obtain clipboard.
[2026-01-14 11:21:09.498] Warning <Server-25316>: CopyQ 服务端已在运行了。
[2026-01-14 11:22:19.118] Warning <Server-34120>: CopyQ 服务端已在运行了。
[2026-01-14 11:23:03.395] Warning <Server-4192>: CopyQ 服务端已在运行了。
[2026-01-14 11:23:43.492] Warning <Server-35096>: CopyQ 服务端已在运行了。
[2026-01-14 11:24:15.014] Warning <Server-35704>: CopyQ 服务端已在运行了。
[2026-01-14 11:25:56.550] Warning <Server-35560>: CopyQ 服务端已在运行了。
[2026-01-14 11:38:49.558] Warning <Server-33992>: CopyQ 服务端已在运行了。
[2026-01-14 11:45:06.358] Warning <Server-16732>: CopyQ 服务端已在运行了。
[2026-01-14 11:49:41.289] Warning <Server-5864>: CopyQ 服务端已在运行了。
[2026-01-14 11:50:24.723] Warning <Server-1052>: CopyQ 服务端已在运行了。
[2026-01-14 11:54:28.695] Warning <Server-5960>: CopyQ 服务端已在运行了。
[2026-01-14 11:59:38.488] Warning <Server-10712>: CopyQ 服务端已在运行了。
[2026-01-14 11:59:58.741] Warning <cmd/monitorClipboard-27132>: [qt.qpa.mime] Retrying to obtain clipboard.
[2026-01-14 12:00:20.099] Warning <Server-26932>: CopyQ 服务端已在运行了。
[2026-01-14 12:19:53.671] Warning <cmd/monitorClipboard-27132>: [qt.qpa.mime] Retrying to obtain clipboard.
[2026-01-14 21:18:25.334] Warning <Server-2248>: CopyQ 服务端已在运行了。
[2026-01-15 09:48:33.659] Warning <Server-5772>: CopyQ 服务端已在运行了。
[2026-01-15 09:50:19.392] Warning <Server-21400>: CopyQ 服务端已在运行了。
[2026-01-15 19:39:47.251] Warning <Server-6388>: CopyQ 服务端已在运行了。
[2026-01-15 19:41:08.134] Warning <Server-33432>: CopyQ 服务端已在运行了。
[2026-01-16 09:44:10.809] Note <Server-14596>: Starting server: CopyQ 13.0.0
[2026-01-16 09:44:10.919] Warning <Server-14596>: [default] QSystemTrayIcon::setVisible: No Icon set
